<?xml version="1.0" encoding="UTF-8"?>
<testng-results ignored="0" total="19" passed="19" failed="0" skipped="0">
  <reporter-output>
  </reporter-output>
  <suite started-at="2021-08-16T10:02:06 IDT" name="All Test Suite" finished-at="2021-08-16T10:03:38 IDT" duration-ms="92224">
    <groups>
    </groups>
    <test started-at="2021-08-16T10:02:06 IDT" name="C:/Users/AnwarQ/IdeaProjects/FirstSeleniumTask" finished-at="2021-08-16T10:03:38 IDT" duration-ms="92224">
      <class name="TestHomePage">
        <test-method is-config="true" signature="TestHomePageSetup()[pri:0, instance:TestHomePage@7ee8290b]" started-at="2021-08-16T10:02:06 IDT" name="TestHomePageSetup" finished-at="2021-08-16T10:02:10 IDT" duration-ms="4420" status="PASS">
          <reporter-output>
          </reporter-output>
        </test-method> <!-- TestHomePageSetup -->
        <test-method signature="testNavBarHome()[pri:0, instance:TestHomePage@7ee8290b]" started-at="2021-08-16T10:02:10 IDT" name="testNavBarHome" finished-at="2021-08-16T10:02:10 IDT" duration-ms="83" status="PASS">
          <reporter-output>
          </reporter-output>
        </test-method> <!-- testNavBarHome -->
        <test-method signature="testNavBarLogin()[pri:0, instance:TestHomePage@7ee8290b]" started-at="2021-08-16T10:02:10 IDT" name="testNavBarLogin" finished-at="2021-08-16T10:02:10 IDT" duration-ms="50" status="PASS">
          <reporter-output>
          </reporter-output>
        </test-method> <!-- testNavBarLogin -->
        <test-method signature="testPageBodyH1()[pri:0, instance:TestHomePage@7ee8290b]" started-at="2021-08-16T10:02:10 IDT" name="testPageBodyH1" finished-at="2021-08-16T10:02:10 IDT" duration-ms="54" status="PASS">
          <reporter-output>
          </reporter-output>
        </test-method> <!-- testPageBodyH1 -->
        <test-method signature="testPageBodyH4()[pri:0, instance:TestHomePage@7ee8290b]" started-at="2021-08-16T10:02:10 IDT" name="testPageBodyH4" finished-at="2021-08-16T10:02:11 IDT" duration-ms="47" status="PASS">
          <reporter-output>
          </reporter-output>
        </test-method> <!-- testPageBodyH4 -->
        <test-method signature="testPageTitle()[pri:0, instance:TestHomePage@7ee8290b]" started-at="2021-08-16T10:02:11 IDT" name="testPageTitle" finished-at="2021-08-16T10:02:11 IDT" duration-ms="5" status="PASS">
          <reporter-output>
          </reporter-output>
        </test-method> <!-- testPageTitle -->
        <test-method is-config="true" signature="suiteTeardown()[pri:0, instance:TestHomePage@7ee8290b]" started-at="2021-08-16T10:03:38 IDT" name="suiteTeardown" finished-at="2021-08-16T10:03:38 IDT" duration-ms="49" status="PASS">
          <reporter-output>
          </reporter-output>
        </test-method> <!-- suiteTeardown -->
      </class> <!-- TestHomePage -->
      <class name="TestLoginPage">
        <test-method is-config="true" signature="TestLoginPageSetup()[pri:0, instance:TestLoginPage@49e5f737]" started-at="2021-08-16T10:02:10 IDT" name="TestLoginPageSetup" finished-at="2021-08-16T10:02:16 IDT" duration-ms="5959" status="PASS">
          <reporter-output>
          </reporter-output>
        </test-method> <!-- TestLoginPageSetup -->
        <test-method signature="testButtonLogin()[pri:0, instance:TestLoginPage@49e5f737]" started-at="2021-08-16T10:02:16 IDT" name="testButtonLogin" finished-at="2021-08-16T10:02:16 IDT" duration-ms="66" status="PASS">
          <reporter-output>
          </reporter-output>
        </test-method> <!-- testButtonLogin -->
        <test-method is-config="true" signature="suiteTeardown()[pri:0, instance:TestLoginPage@49e5f737]" started-at="2021-08-16T10:02:16 IDT" name="suiteTeardown" finished-at="2021-08-16T10:02:16 IDT" duration-ms="111" status="PASS">
          <reporter-output>
          </reporter-output>
        </test-method> <!-- suiteTeardown -->
        <test-method is-config="true" signature="TestLoginPageSetup()[pri:0, instance:TestLoginPage@49e5f737]" started-at="2021-08-16T10:02:16 IDT" name="TestLoginPageSetup" finished-at="2021-08-16T10:02:22 IDT" duration-ms="5311" status="PASS">
          <reporter-output>
          </reporter-output>
        </test-method> <!-- TestLoginPageSetup -->
        <test-method signature="testFailedLogin()[pri:0, instance:TestLoginPage@49e5f737]" started-at="2021-08-16T10:02:22 IDT" name="testFailedLogin" finished-at="2021-08-16T10:02:22 IDT" duration-ms="586" status="PASS">
          <reporter-output>
          </reporter-output>
        </test-method> <!-- testFailedLogin -->
        <test-method is-config="true" signature="suiteTeardown()[pri:0, instance:TestLoginPage@49e5f737]" started-at="2021-08-16T10:02:22 IDT" name="suiteTeardown" finished-at="2021-08-16T10:02:22 IDT" duration-ms="52" status="PASS">
          <reporter-output>
          </reporter-output>
        </test-method> <!-- suiteTeardown -->
        <test-method is-config="true" signature="TestLoginPageSetup()[pri:0, instance:TestLoginPage@49e5f737]" started-at="2021-08-16T10:02:22 IDT" name="TestLoginPageSetup" finished-at="2021-08-16T10:02:28 IDT" duration-ms="5774" status="PASS">
          <reporter-output>
          </reporter-output>
        </test-method> <!-- TestLoginPageSetup -->
        <test-method signature="testInputEmail()[pri:0, instance:TestLoginPage@49e5f737]" started-at="2021-08-16T10:02:28 IDT" name="testInputEmail" finished-at="2021-08-16T10:02:28 IDT" duration-ms="66" status="PASS">
          <reporter-output>
          </reporter-output>
        </test-method> <!-- testInputEmail -->
        <test-method is-config="true" signature="suiteTeardown()[pri:0, instance:TestLoginPage@49e5f737]" started-at="2021-08-16T10:02:28 IDT" name="suiteTeardown" finished-at="2021-08-16T10:02:28 IDT" duration-ms="63" status="PASS">
          <reporter-output>
          </reporter-output>
        </test-method> <!-- suiteTeardown -->
        <test-method is-config="true" signature="TestLoginPageSetup()[pri:0, instance:TestLoginPage@49e5f737]" started-at="2021-08-16T10:02:28 IDT" name="TestLoginPageSetup" finished-at="2021-08-16T10:02:33 IDT" duration-ms="5089" status="PASS">
          <reporter-output>
          </reporter-output>
        </test-method> <!-- TestLoginPageSetup -->
        <test-method signature="testInputPassword()[pri:0, instance:TestLoginPage@49e5f737]" started-at="2021-08-16T10:02:33 IDT" name="testInputPassword" finished-at="2021-08-16T10:02:33 IDT" duration-ms="82" status="PASS">
          <reporter-output>
          </reporter-output>
        </test-method> <!-- testInputPassword -->
        <test-method is-config="true" signature="suiteTeardown()[pri:0, instance:TestLoginPage@49e5f737]" started-at="2021-08-16T10:02:33 IDT" name="suiteTeardown" finished-at="2021-08-16T10:02:34 IDT" duration-ms="53" status="PASS">
          <reporter-output>
          </reporter-output>
        </test-method> <!-- suiteTeardown -->
        <test-method is-config="true" signature="TestLoginPageSetup()[pri:0, instance:TestLoginPage@49e5f737]" started-at="2021-08-16T10:02:34 IDT" name="TestLoginPageSetup" finished-at="2021-08-16T10:02:38 IDT" duration-ms="4324" status="PASS">
          <reporter-output>
          </reporter-output>
        </test-method> <!-- TestLoginPageSetup -->
        <test-method signature="testPageTitle()[pri:0, instance:TestLoginPage@49e5f737]" started-at="2021-08-16T10:02:38 IDT" name="testPageTitle" finished-at="2021-08-16T10:02:38 IDT" duration-ms="21" status="PASS">
          <reporter-output>
          </reporter-output>
        </test-method> <!-- testPageTitle -->
        <test-method is-config="true" signature="suiteTeardown()[pri:0, instance:TestLoginPage@49e5f737]" started-at="2021-08-16T10:02:38 IDT" name="suiteTeardown" finished-at="2021-08-16T10:02:38 IDT" duration-ms="55" status="PASS">
          <reporter-output>
          </reporter-output>
        </test-method> <!-- suiteTeardown -->
        <test-method is-config="true" signature="TestLoginPageSetup()[pri:0, instance:TestLoginPage@49e5f737]" started-at="2021-08-16T10:02:38 IDT" name="TestLoginPageSetup" finished-at="2021-08-16T10:03:05 IDT" duration-ms="27263" status="PASS">
          <reporter-output>
          </reporter-output>
        </test-method> <!-- TestLoginPageSetup -->
        <test-method signature="testSuccessLogin()[pri:0, instance:TestLoginPage@49e5f737]" started-at="2021-08-16T10:03:05 IDT" name="testSuccessLogin" finished-at="2021-08-16T10:03:06 IDT" duration-ms="898" status="PASS">
          <reporter-output>
          </reporter-output>
        </test-method> <!-- testSuccessLogin -->
        <test-method is-config="true" signature="suiteTeardown()[pri:0, instance:TestLoginPage@49e5f737]" started-at="2021-08-16T10:03:06 IDT" name="suiteTeardown" finished-at="2021-08-16T10:03:06 IDT" duration-ms="59" status="PASS">
          <reporter-output>
          </reporter-output>
        </test-method> <!-- suiteTeardown -->
      </class> <!-- TestLoginPage -->
      <class name="TestInPage">
        <test-method is-config="true" signature="TestLoginPageSetup()[pri:0, instance:TestInPage@5c671d7f]" started-at="2021-08-16T10:02:10 IDT" name="TestLoginPageSetup" finished-at="2021-08-16T10:02:19 IDT" duration-ms="8748" status="PASS">
          <reporter-output>
          </reporter-output>
        </test-method> <!-- TestLoginPageSetup -->
        <test-method signature="testButtonClickSignOut()[pri:0, instance:TestInPage@5c671d7f]" started-at="2021-08-16T10:02:19 IDT" name="testButtonClickSignOut" finished-at="2021-08-16T10:02:20 IDT" duration-ms="534" status="PASS">
          <reporter-output>
          </reporter-output>
        </test-method> <!-- testButtonClickSignOut -->
        <test-method is-config="true" signature="suiteTeardown()[pri:0, instance:TestInPage@5c671d7f]" started-at="2021-08-16T10:02:20 IDT" name="suiteTeardown" finished-at="2021-08-16T10:02:20 IDT" duration-ms="60" status="PASS">
          <reporter-output>
          </reporter-output>
        </test-method> <!-- suiteTeardown -->
        <test-method is-config="true" signature="TestLoginPageSetup()[pri:0, instance:TestInPage@5c671d7f]" started-at="2021-08-16T10:02:20 IDT" name="TestLoginPageSetup" finished-at="2021-08-16T10:02:27 IDT" duration-ms="6992" status="PASS">
          <reporter-output>
          </reporter-output>
        </test-method> <!-- TestLoginPageSetup -->
        <test-method signature="testInEmail()[pri:0, instance:TestInPage@5c671d7f]" started-at="2021-08-16T10:02:27 IDT" name="testInEmail" finished-at="2021-08-16T10:02:27 IDT" duration-ms="43" status="PASS">
          <reporter-output>
          </reporter-output>
        </test-method> <!-- testInEmail -->
        <test-method is-config="true" signature="suiteTeardown()[pri:0, instance:TestInPage@5c671d7f]" started-at="2021-08-16T10:02:27 IDT" name="suiteTeardown" finished-at="2021-08-16T10:02:27 IDT" duration-ms="50" status="PASS">
          <reporter-output>
          </reporter-output>
        </test-method> <!-- suiteTeardown -->
        <test-method is-config="true" signature="TestLoginPageSetup()[pri:0, instance:TestInPage@5c671d7f]" started-at="2021-08-16T10:02:27 IDT" name="TestLoginPageSetup" finished-at="2021-08-16T10:03:02 IDT" duration-ms="35425" status="PASS">
          <reporter-output>
          </reporter-output>
        </test-method> <!-- TestLoginPageSetup -->
        <test-method signature="testNavBarAddresses()[pri:0, instance:TestInPage@5c671d7f]" started-at="2021-08-16T10:03:02 IDT" name="testNavBarAddresses" finished-at="2021-08-16T10:03:02 IDT" duration-ms="65" status="PASS">
          <reporter-output>
          </reporter-output>
        </test-method> <!-- testNavBarAddresses -->
        <test-method is-config="true" signature="suiteTeardown()[pri:0, instance:TestInPage@5c671d7f]" started-at="2021-08-16T10:03:02 IDT" name="suiteTeardown" finished-at="2021-08-16T10:03:02 IDT" duration-ms="83" status="PASS">
          <reporter-output>
          </reporter-output>
        </test-method> <!-- suiteTeardown -->
        <test-method is-config="true" signature="TestLoginPageSetup()[pri:0, instance:TestInPage@5c671d7f]" started-at="2021-08-16T10:03:02 IDT" name="TestLoginPageSetup" finished-at="2021-08-16T10:03:09 IDT" duration-ms="6866" status="PASS">
          <reporter-output>
          </reporter-output>
        </test-method> <!-- TestLoginPageSetup -->
        <test-method signature="testNavBarHome()[pri:0, instance:TestInPage@5c671d7f]" started-at="2021-08-16T10:03:09 IDT" name="testNavBarHome" finished-at="2021-08-16T10:03:09 IDT" duration-ms="73" status="PASS">
          <reporter-output>
          </reporter-output>
        </test-method> <!-- testNavBarHome -->
        <test-method is-config="true" signature="suiteTeardown()[pri:0, instance:TestInPage@5c671d7f]" started-at="2021-08-16T10:03:09 IDT" name="suiteTeardown" finished-at="2021-08-16T10:03:09 IDT" duration-ms="49" status="PASS">
          <reporter-output>
          </reporter-output>
        </test-method> <!-- suiteTeardown -->
        <test-method is-config="true" signature="TestLoginPageSetup()[pri:0, instance:TestInPage@5c671d7f]" started-at="2021-08-16T10:03:09 IDT" name="TestLoginPageSetup" finished-at="2021-08-16T10:03:16 IDT" duration-ms="6291" status="PASS">
          <reporter-output>
          </reporter-output>
        </test-method> <!-- TestLoginPageSetup -->
        <test-method signature="testNavBarSignOut()[pri:0, instance:TestInPage@5c671d7f]" started-at="2021-08-16T10:03:16 IDT" name="testNavBarSignOut" finished-at="2021-08-16T10:03:16 IDT" duration-ms="62" status="PASS">
          <reporter-output>
          </reporter-output>
        </test-method> <!-- testNavBarSignOut -->
        <test-method is-config="true" signature="suiteTeardown()[pri:0, instance:TestInPage@5c671d7f]" started-at="2021-08-16T10:03:16 IDT" name="suiteTeardown" finished-at="2021-08-16T10:03:16 IDT" duration-ms="54" status="PASS">
          <reporter-output>
          </reporter-output>
        </test-method> <!-- suiteTeardown -->
        <test-method is-config="true" signature="TestLoginPageSetup()[pri:0, instance:TestInPage@5c671d7f]" started-at="2021-08-16T10:03:16 IDT" name="TestLoginPageSetup" finished-at="2021-08-16T10:03:23 IDT" duration-ms="6971" status="PASS">
          <reporter-output>
          </reporter-output>
        </test-method> <!-- TestLoginPageSetup -->
        <test-method signature="testPageBodyH1()[pri:0, instance:TestInPage@5c671d7f]" started-at="2021-08-16T10:03:23 IDT" name="testPageBodyH1" finished-at="2021-08-16T10:03:23 IDT" duration-ms="70" status="PASS">
          <reporter-output>
          </reporter-output>
        </test-method> <!-- testPageBodyH1 -->
        <test-method is-config="true" signature="suiteTeardown()[pri:0, instance:TestInPage@5c671d7f]" started-at="2021-08-16T10:03:23 IDT" name="suiteTeardown" finished-at="2021-08-16T10:03:23 IDT" duration-ms="86" status="PASS">
          <reporter-output>
          </reporter-output>
        </test-method> <!-- suiteTeardown -->
        <test-method is-config="true" signature="TestLoginPageSetup()[pri:0, instance:TestInPage@5c671d7f]" started-at="2021-08-16T10:03:23 IDT" name="TestLoginPageSetup" finished-at="2021-08-16T10:03:30 IDT" duration-ms="7657" status="PASS">
          <reporter-output>
          </reporter-output>
        </test-method> <!-- TestLoginPageSetup -->
        <test-method signature="testPageBodyH4()[pri:0, instance:TestInPage@5c671d7f]" started-at="2021-08-16T10:03:30 IDT" name="testPageBodyH4" finished-at="2021-08-16T10:03:31 IDT" duration-ms="57" status="PASS">
          <reporter-output>
          </reporter-output>
        </test-method> <!-- testPageBodyH4 -->
        <test-method is-config="true" signature="suiteTeardown()[pri:0, instance:TestInPage@5c671d7f]" started-at="2021-08-16T10:03:31 IDT" name="suiteTeardown" finished-at="2021-08-16T10:03:31 IDT" duration-ms="45" status="PASS">
          <reporter-output>
          </reporter-output>
        </test-method> <!-- suiteTeardown -->
        <test-method is-config="true" signature="TestLoginPageSetup()[pri:0, instance:TestInPage@5c671d7f]" started-at="2021-08-16T10:03:31 IDT" name="TestLoginPageSetup" finished-at="2021-08-16T10:03:38 IDT" duration-ms="7417" status="PASS">
          <reporter-output>
          </reporter-output>
        </test-method> <!-- TestLoginPageSetup -->
        <test-method signature="testPageTitle()[pri:0, instance:TestInPage@5c671d7f]" started-at="2021-08-16T10:03:38 IDT" name="testPageTitle" finished-at="2021-08-16T10:03:38 IDT" duration-ms="9" status="PASS">
          <reporter-output>
          </reporter-output>
        </test-method> <!-- testPageTitle -->
        <test-method is-config="true" signature="suiteTeardown()[pri:0, instance:TestInPage@5c671d7f]" started-at="2021-08-16T10:03:38 IDT" name="suiteTeardown" finished-at="2021-08-16T10:03:38 IDT" duration-ms="43" status="PASS">
          <reporter-output>
          </reporter-output>
        </test-method> <!-- suiteTeardown -->
      </class> <!-- TestInPage -->
    </test> <!-- C:/Users/AnwarQ/IdeaProjects/FirstSeleniumTask -->
  </suite> <!-- All Test Suite -->
</testng-results>
