<?xml version="1.0" encoding="UTF-8"?>
<testsuite name="TestSuite" time="2.87" tests="19" errors="0" skipped="0" failures="0">
  <properties>
[...]
</properties>
  <testcase name="testNavBarHome" classname="TestHomePage" time="0.083"/>
  <testcase name="testNavBarLogin" classname="TestHomePage" time="0.05"/>
  <testcase name="testPageBodyH1" classname="TestHomePage" time="0.053"/>
  <testcase name="testPageBodyH4" classname="TestHomePage" time="0.048"/>
  <testcase name="testPageTitle" classname="TestHomePage" time="0.005"/>
  <testcase name="testButtonLogin" classname="TestLoginPage" time="0.066"/>
  <testcase name="testButtonClickSignOut" classname="TestInPage" time="0.535"/>
  <testcase name="testFailedLogin" classname="TestLoginPage" time="0.586"/>
  <testcase name="testInEmail" classname="TestInPage" time="0.043"/>
  <testcase name="testInputEmail" classname="TestLoginPage" time="0.067"/>
  <testcase name="testInputPassword" classname="TestLoginPage" time="0.082"/>
  <testcase name="testPageTitle" classname="TestLoginPage" time="0.02"/>
  <testcase name="testNavBarAddresses" classname="TestInPage" time="0.065"/>
  <testcase name="testSuccessLogin" classname="TestLoginPage" time="0.897"/>
  <testcase name="testNavBarHome" classname="TestInPage" time="0.073"/>
  <testcase name="testNavBarSignOut" classname="TestInPage" time="0.062"/>
  <testcase name="testPageBodyH1" classname="TestInPage" time="0.07"/>
  <testcase name="testPageBodyH4" classname="TestInPage" time="0.057"/>
  <testcase name="testPageTitle" classname="TestInPage" time="0.008"/>
</testsuite>